#! /usr/share/iverilog-0.9.7/bin/vvp
:ivl_version "0.9.7 " "(v0_9_6)";
:vpi_time_precision + 0;
:vpi_module "system";
:vpi_module "v2005_math";
:vpi_module "va_math";
S_0x110f1d0 .scope module, "Memory" "Memory" 2 2;
 .timescale 0 0;
P_0x10f60a8 .param/l "BLACKOUT" 2 9, C4<00000>;
v0x110f2c0_0 .var "Count", 25 0;
v0x113ac30_0 .net "Cycle", 0 0, L_0x113b1d0; 1 drivers
v0x113acd0_0 .var "GRBSeq", 119 0;
v0x113ad70_0 .net "Go", 0 0, C4<z>; 0 drivers
v0x113ae20_0 .var "S", 4 0;
v0x113aec0_0 .net "clk", 0 0, C4<z>; 0 drivers
v0x113afa0_0 .var "nCount", 25 0;
v0x113b040_0 .var "nS", 4 0;
v0x113b130_0 .net "reset", 0 0, C4<z>; 0 drivers
E_0x110cdd0 .event edge, v0x113ae20_0;
E_0x110dd90 .event edge, v0x113ad70_0, v0x113ae20_0;
E_0x10f61f0 .event edge, v0x110f2c0_0, v0x113b130_0;
E_0x1119430 .event posedge, v0x113aec0_0;
L_0x113b1d0 .part v0x110f2c0_0, 25, 1;
    .scope S_0x110f1d0;
T_0 ;
    %wait E_0x1119430;
    %load/v 8, v0x113b130_0, 1;
    %jmp/0xz  T_0.0, 8;
    %ix/load 0, 26, 0;
    %assign/v0 v0x110f2c0_0, 0, 0;
    %ix/load 0, 5, 0;
    %assign/v0 v0x113ae20_0, 0, 0;
    %jmp T_0.1;
T_0.0 ;
    %ix/load 1, 25, 0;
    %mov 4, 0, 1;
    %jmp/1 T_0.2, 4;
    %load/x1p 8, v0x110f2c0_0, 1;
    %jmp T_0.3;
T_0.2 ;
    %mov 8, 2, 1;
T_0.3 ;
; Save base=8 wid=1 in lookaside.
    %jmp/0xz  T_0.4, 8;
    %load/v 8, v0x113b040_0, 5;
    %ix/load 0, 5, 0;
    %assign/v0 v0x113ae20_0, 0, 8;
    %load/v 8, v0x113afa0_0, 26;
    %ix/load 0, 26, 0;
    %assign/v0 v0x110f2c0_0, 0, 8;
    %jmp T_0.5;
T_0.4 ;
    %load/v 8, v0x113ae20_0, 5;
    %ix/load 0, 5, 0;
    %assign/v0 v0x113ae20_0, 0, 8;
    %load/v 8, v0x113afa0_0, 26;
    %ix/load 0, 26, 0;
    %assign/v0 v0x110f2c0_0, 0, 8;
T_0.5 ;
T_0.1 ;
    %jmp T_0;
    .thread T_0;
    .scope S_0x110f1d0;
T_1 ;
    %wait E_0x10f61f0;
    %load/v 8, v0x113b130_0, 1;
    %ix/load 1, 25, 0;
    %mov 4, 0, 1;
    %jmp/1 T_1.0, 4;
    %load/x1p 9, v0x110f2c0_0, 1;
    %jmp T_1.1;
T_1.0 ;
    %mov 9, 2, 1;
T_1.1 ;
; Save base=9 wid=1 in lookaside.
    %or 8, 9, 1;
    %jmp/0xz  T_1.2, 8;
    %set/v v0x113afa0_0, 0, 26;
    %jmp T_1.3;
T_1.2 ;
    %load/v 8, v0x110f2c0_0, 26;
    %mov 34, 0, 6;
    %addi 8, 1, 32;
    %set/v v0x113afa0_0, 8, 26;
T_1.3 ;
    %jmp T_1;
    .thread T_1, $push;
    .scope S_0x110f1d0;
T_2 ;
    %wait E_0x110dd90;
    %load/v 8, v0x113ae20_0, 5;
    %mov 13, 0, 1;
    %cmpi/u 8, 0, 6;
    %jmp/0xz  T_2.0, 4;
    %load/v 8, v0x113ad70_0, 1;
    %jmp/0  T_2.2, 8;
    %movi 9, 1, 5;
    %jmp/1  T_2.4, 8;
T_2.2 ; End of true expr.
    %jmp/0  T_2.3, 8;
 ; End of false expr.
    %blend  9, 0, 5; Condition unknown.
    %jmp  T_2.4;
T_2.3 ;
    %mov 9, 0, 5; Return false value
T_2.4 ;
    %set/v v0x113b040_0, 9, 5;
    %jmp T_2.1;
T_2.0 ;
    %load/v 8, v0x113ae20_0, 5;
    %mov 13, 0, 27;
    %addi 8, 1, 32;
    %set/v v0x113b040_0, 8, 5;
T_2.1 ;
    %jmp T_2;
    .thread T_2, $push;
    .scope S_0x110f1d0;
T_3 ;
    %wait E_0x110cdd0;
    %load/v 8, v0x113ae20_0, 5;
    %cmpi/u 8, 0, 5;
    %jmp/1 T_3.0, 6;
    %cmpi/u 8, 1, 5;
    %jmp/1 T_3.1, 6;
    %cmpi/u 8, 2, 5;
    %jmp/1 T_3.2, 6;
    %cmpi/u 8, 3, 5;
    %jmp/1 T_3.3, 6;
    %cmpi/u 8, 4, 5;
    %jmp/1 T_3.4, 6;
    %cmpi/u 8, 5, 5;
    %jmp/1 T_3.5, 6;
    %cmpi/u 8, 6, 5;
    %jmp/1 T_3.6, 6;
    %cmpi/u 8, 7, 5;
    %jmp/1 T_3.7, 6;
    %cmpi/u 8, 8, 5;
    %jmp/1 T_3.8, 6;
    %cmpi/u 8, 9, 5;
    %jmp/1 T_3.9, 6;
    %cmpi/u 8, 10, 5;
    %jmp/1 T_3.10, 6;
    %cmpi/u 8, 11, 5;
    %jmp/1 T_3.11, 6;
    %cmpi/u 8, 12, 5;
    %jmp/1 T_3.12, 6;
    %cmpi/u 8, 13, 5;
    %jmp/1 T_3.13, 6;
    %cmpi/u 8, 14, 5;
    %jmp/1 T_3.14, 6;
    %cmpi/u 8, 15, 5;
    %jmp/1 T_3.15, 6;
    %cmpi/u 8, 16, 5;
    %jmp/1 T_3.16, 6;
    %cmpi/u 8, 17, 5;
    %jmp/1 T_3.17, 6;
    %cmpi/u 8, 18, 5;
    %jmp/1 T_3.18, 6;
    %cmpi/u 8, 19, 5;
    %jmp/1 T_3.19, 6;
    %cmpi/u 8, 20, 5;
    %jmp/1 T_3.20, 6;
    %cmpi/u 8, 21, 5;
    %jmp/1 T_3.21, 6;
    %cmpi/u 8, 22, 5;
    %jmp/1 T_3.22, 6;
    %cmpi/u 8, 23, 5;
    %jmp/1 T_3.23, 6;
    %cmpi/u 8, 24, 5;
    %jmp/1 T_3.24, 6;
    %cmpi/u 8, 25, 5;
    %jmp/1 T_3.25, 6;
    %cmpi/u 8, 26, 5;
    %jmp/1 T_3.26, 6;
    %cmpi/u 8, 27, 5;
    %jmp/1 T_3.27, 6;
    %cmpi/u 8, 28, 5;
    %jmp/1 T_3.28, 6;
    %cmpi/u 8, 29, 5;
    %jmp/1 T_3.29, 6;
    %cmpi/u 8, 30, 5;
    %jmp/1 T_3.30, 6;
    %cmpi/u 8, 31, 5;
    %jmp/1 T_3.31, 6;
    %set/v v0x113acd0_0, 0, 120;
    %jmp T_3.33;
T_3.0 ;
    %set/v v0x113acd0_0, 0, 120;
    %jmp T_3.33;
T_3.1 ;
    %movi 8, 0, 32;
    %movi 40, 0, 32;
    %movi 72, 0, 32;
    %movi 104, 255, 24;
    %set/v v0x113acd0_0, 8, 120;
    %jmp T_3.33;
T_3.2 ;
    %movi 8, 0, 32;
    %movi 40, 0, 32;
    %movi 72, 261888, 32;
    %movi 104, 15, 24;
    %set/v v0x113acd0_0, 8, 120;
    %jmp T_3.33;
T_3.3 ;
    %movi 8, 0, 32;
    %movi 40, 268369920, 32;
    %movi 72, 134912, 32;
    %movi 104, 3, 24;
    %set/v v0x113acd0_0, 8, 120;
    %jmp T_3.33;
T_3.4 ;
    %movi 8, 4278190080, 32;
    %movi 40, 118423615, 32;
    %movi 72, 66304, 32;
    %movi 104, 0, 24;
    %set/v v0x113acd0_0, 8, 120;
    %jmp T_3.33;
T_3.5 ;
    %movi 8, 251723775, 32;
    %movi 40, 16973831, 32;
    %movi 72, 0, 32;
    %movi 104, 0, 24;
    %set/v v0x113acd0_0, 8, 120;
    %jmp T_3.33;
T_3.6 ;
    %movi 8, 1056968463, 32;
    %movi 40, 255, 32;
    %movi 72, 0, 32;
    %movi 104, 0, 24;
    %set/v v0x113acd0_0, 8, 120;
    %jmp T_3.33;
T_3.7 ;
    %movi 8, 117441283, 32;
    %movi 40, 4279173135, 32;
    %movi 72, 0, 32;
    %movi 104, 0, 24;
    %set/v v0x113acd0_0, 8, 120;
    %jmp T_3.33;
T_3.8 ;
    %movi 8, 16777216, 32;
    %movi 40, 252116995, 32;
    %movi 72, 16712448, 32;
    %movi 104, 0, 24;
    %set/v v0x113acd0_0, 8, 120;
    %jmp T_3.33;
T_3.9 ;
    %movi 8, 0, 32;
    %movi 40, 50397184, 32;
    %movi 72, 983552, 32;
    %movi 104, 65280, 24;
    %set/v v0x113acd0_0, 8, 120;
    %jmp T_3.33;
T_3.10 ;
    %movi 8, 0, 32;
    %movi 40, 0, 32;
    %movi 72, 67043328, 32;
    %movi 104, 3840, 24;
    %set/v v0x113acd0_0, 8, 120;
    %jmp T_3.33;
T_3.11 ;
    %movi 8, 0, 32;
    %movi 40, 4278190080, 32;
    %movi 72, 34537487, 32;
    %movi 104, 768, 24;
    %set/v v0x113acd0_0, 8, 120;
    %jmp T_3.33;
T_3.12 ;
    %movi 8, 0, 32;
    %movi 40, 251674623, 32;
    %movi 72, 16973831, 32;
    %movi 104, 0, 24;
    %set/v v0x113acd0_0, 8, 120;
    %jmp T_3.33;
T_3.13 ;
    %movi 8, 16776960, 32;
    %movi 40, 50333455, 32;
    %movi 72, 1, 32;
    %movi 104, 0, 24;
    %set/v v0x113acd0_0, 8, 120;
    %jmp T_3.33;
T_3.14 ;
    %movi 8, 986880, 32;
    %movi 40, 65343, 32;
    %movi 72, 0, 32;
    %movi 104, 0, 24;
    %set/v v0x113acd0_0, 8, 120;
    %jmp T_3.33;
T_3.15 ;
    %movi 8, 197376, 32;
    %movi 40, 251662087, 32;
    %movi 72, 255, 32;
    %movi 104, 0, 24;
    %set/v v0x113acd0_0, 8, 120;
    %jmp T_3.33;
T_3.16 ;
    %movi 8, 0, 32;
    %movi 40, 117441281, 32;
    %movi 72, 4278386703, 32;
    %movi 104, 0, 24;
    %set/v v0x113acd0_0, 8, 120;
    %jmp T_3.33;
T_3.17 ;
    %movi 8, 0, 32;
    %movi 40, 16777216, 32;
    %movi 72, 251789315, 32;
    %movi 104, 16711680, 24;
    %set/v v0x113acd0_0, 8, 120;
    %jmp T_3.33;
T_3.18 ;
    %movi 8, 0, 32;
    %movi 40, 0, 32;
    %movi 72, 4278190848, 32;
    %movi 104, 983040, 24;
    %set/v v0x113acd0_0, 8, 120;
    %jmp T_3.33;
T_3.19 ;
    %movi 8, 0, 32;
    %movi 40, 983040, 32;
    %movi 72, 251659007, 32;
    %movi 104, 196608, 24;
    %set/v v0x113acd0_0, 8, 120;
    %jmp T_3.33;
T_3.20 ;
    %movi 8, 1056964608, 32;
    %movi 40, 524032, 32;
    %movi 72, 50331919, 32;
    %movi 104, 0, 24;
    %set/v v0x113acd0_0, 8, 120;
    %jmp T_3.33;
T_3.21 ;
    %movi 8, 134152447, 32;
    %movi 40, 69376, 32;
    %movi 72, 3, 32;
    %movi 104, 0, 24;
    %set/v v0x113acd0_0, 8, 120;
    %jmp T_3.33;
T_3.22 ;
    %movi 8, 4279173135, 32;
    %movi 40, 16128, 32;
    %movi 72, 0, 32;
    %movi 104, 0, 24;
    %set/v v0x113acd0_0, 8, 120;
    %jmp T_3.33;
T_3.23 ;
    %movi 8, 251854851, 32;
    %movi 40, 16713472, 32;
    %movi 72, 15, 32;
    %movi 104, 0, 24;
    %set/v v0x113acd0_0, 8, 120;
    %jmp T_3.33;
T_3.24 ;
    %movi 8, 50331648, 32;
    %movi 40, 983296, 32;
    %movi 72, 50396935, 32;
    %movi 104, 0, 24;
    %set/v v0x113acd0_0, 8, 120;
    %jmp T_3.33;
T_3.25 ;
    %movi 8, 0, 32;
    %movi 40, 196608, 32;
    %movi 72, 33558273, 32;
    %movi 104, 255, 24;
    %set/v v0x113acd0_0, 8, 120;
    %jmp T_3.33;
T_3.26 ;
    %movi 8, 0, 32;
    %movi 40, 0, 32;
    %movi 72, 16777984, 32;
    %movi 104, 15, 24;
    %set/v v0x113acd0_0, 8, 120;
    %jmp T_3.33;
T_3.27 ;
    %movi 8, 0, 32;
    %movi 40, 0, 32;
    %movi 72, 0, 32;
    %movi 104, 3, 24;
    %set/v v0x113acd0_0, 8, 120;
    %jmp T_3.33;
T_3.28 ;
    %set/v v0x113acd0_0, 0, 120;
    %jmp T_3.33;
T_3.29 ;
    %set/v v0x113acd0_0, 0, 120;
    %jmp T_3.33;
T_3.30 ;
    %set/v v0x113acd0_0, 0, 120;
    %jmp T_3.33;
T_3.31 ;
    %set/v v0x113acd0_0, 0, 120;
    %jmp T_3.33;
T_3.33 ;
    %jmp T_3;
    .thread T_3, $push;
# The file index is used to find the file name in the following table.
:file_names 3;
    "N/A";
    "<interactive>";
    "design.sv";
